This path doesn't lead to a frame
No grid found
No grid found
Grid(s) found
Failed during digits extraction
Grid(s) found
Extraction done
Solving done
Load Image			2.7% - 03.89ms
Grid Research 		71.9% - 103.32ms
Digits Extraction 	15.0% - 21.51ms
Grid Solving 		2.7% - 03.83ms
Image recreation 	7.8% - 11.21ms
PROCESS DURATION 	0.14s
EVERYTHING DONE 	0.14s
No grid found
Grid(s) found
Failed during digits extraction
Grid(s) found
Extraction done
Solving done
Load Image			2.5% - 03.82ms
Grid Research 		68.8% - 107.21ms
Digits Extraction 	14.6% - 22.75ms
Grid Solving 		6.0% - 09.42ms
Image recreation 	8.1% - 12.68ms
PROCESS DURATION 	0.15s
EVERYTHING DONE 	0.16s
No grid found
Grid(s) found
Failed during digits extraction
Grid(s) found
Failed during digits extraction
Grid(s) found
Failed during digits extraction
Grid(s) found
Failed during digits extraction
Grid(s) found
Failed during digits extraction
No grid found
No grid found
No grid found
Grid(s) found
Extraction done
Solving done
Load Image			11.0% - 50.41ms
Grid Research 		78.5% - 358.69ms
Digits Extraction 	4.0% - 18.35ms
Grid Solving 		1.7% - 07.88ms
Image recreation 	4.7% - 21.49ms
PROCESS DURATION 	0.41s
EVERYTHING DONE 	0.46s
Grid(s) found
Failed during digits extraction
No grid found
Grid(s) found
Extraction done
Solving done
Load Image			1.8% - 02.77ms
Grid Research 		62.3% - 93.15ms
Digits Extraction 	13.2% - 19.68ms
Grid Solving 		15.5% - 23.15ms
Image recreation 	7.3% - 10.86ms
PROCESS DURATION 	0.15s
EVERYTHING DONE 	0.15s
No grid found
No grid found
Grid(s) found
Extraction done
Solving done
Load Image			15.6% - 48.96ms
Grid Research 		69.5% - 218.26ms
Digits Extraction 	5.3% - 16.57ms
Grid Solving 		2.5% - 07.85ms
Image recreation 	7.1% - 22.38ms
PROCESS DURATION 	0.27s
EVERYTHING DONE 	0.31s
No grid found
Grid(s) found
Extraction done
Solving done
Load Image			1.6% - 02.49ms
Grid Research 		59.9% - 92.66ms
Digits Extraction 	17.8% - 27.56ms
Grid Solving 		11.8% - 18.28ms
Image recreation 	8.9% - 13.74ms
PROCESS DURATION 	0.15s
EVERYTHING DONE 	0.15s
Grid(s) found
Failed during digits extraction
Grid(s) found
Extraction done
Solving done
Load Image			1.8% - 02.64ms
Grid Research 		72.8% - 109.53ms
Digits Extraction 	11.4% - 17.10ms
Grid Solving 		9.2% - 13.89ms
Image recreation 	4.8% - 07.27ms
PROCESS DURATION 	0.15s
EVERYTHING DONE 	0.15s
Grid(s) found
Failed during digits extraction
Grid(s) found
Failed during digits extraction
Grid(s) found
Extraction done
Solving done
Load Image			1.9% - 02.61ms
Grid Research 		67.9% - 92.22ms
Digits Extraction 	14.1% - 19.15ms
Grid Solving 		7.6% - 10.29ms
Image recreation 	8.5% - 11.56ms
PROCESS DURATION 	0.13s
EVERYTHING DONE 	0.14s
Grid(s) found
Failed during digits extraction
Grid(s) found
Failed during digits extraction
No grid found
No grid found
Grid(s) found
Extraction done
Solving done
Load Image			4.4% - 15.76ms
Grid Research 		81.9% - 295.39ms
Digits Extraction 	5.9% - 21.13ms
Grid Solving 		1.3% - 04.54ms
Image recreation 	6.7% - 24.07ms
PROCESS DURATION 	0.35s
EVERYTHING DONE 	0.36s
Grid(s) found
Failed during digits extraction
Grid(s) found
Failed during digits extraction
Grid(s) found
Failed during digits extraction
Grid(s) found
Failed during digits extraction
No grid found
Grid(s) found
Failed during digits extraction
Grid(s) found
Failed during digits extraction
No grid found
Grid(s) found
Failed during digits extraction
Grid(s) found
Extraction done
Solving done
Load Image			38.0% - 66.06ms
Grid Research 		42.2% - 73.30ms
Digits Extraction 	9.7% - 16.84ms
Grid Solving 		5.8% - 10.14ms
Image recreation 	4.3% - 07.39ms
PROCESS DURATION 	0.11s
EVERYTHING DONE 	0.17s
Grid(s) found
Extraction done
Solving done
Load Image			5.0% - 19.85ms
Grid Research 		81.8% - 325.50ms
Digits Extraction 	5.6% - 22.45ms
Grid Solving 		1.7% - 06.74ms
Image recreation 	5.9% - 23.46ms
PROCESS DURATION 	0.38s
EVERYTHING DONE 	0.40s
Grid(s) found
Failed during digits extraction
Grid(s) found
Failed during digits extraction
Grid(s) found
Extraction done
Solving done
Load Image			3.5% - 05.99ms
Grid Research 		64.4% - 109.29ms
Digits Extraction 	14.8% - 25.13ms
Grid Solving 		10.8% - 18.31ms
Image recreation 	6.4% - 10.92ms
PROCESS DURATION 	0.16s
EVERYTHING DONE 	0.17s
Grid(s) found
Extraction done
Solving done
Load Image			1.8% - 02.79ms
Grid Research 		73.9% - 114.98ms
Digits Extraction 	13.7% - 21.27ms
Grid Solving 		5.2% - 08.14ms
Image recreation 	5.5% - 08.51ms
PROCESS DURATION 	0.15s
EVERYTHING DONE 	0.16s
Grid(s) found
Extraction done
Solving done
Load Image			5.8% - 17.17ms
Grid Research 		78.0% - 231.31ms
Digits Extraction 	6.1% - 18.05ms
Grid Solving 		2.2% - 06.62ms
Image recreation 	8.0% - 23.59ms
PROCESS DURATION 	0.28s
EVERYTHING DONE 	0.30s
Grid(s) found
Failed during digits extraction
Grid(s) found
Extraction done
Solving done
Load Image			4.0% - 18.56ms
Grid Research 		86.4% - 405.01ms
Digits Extraction 	3.7% - 17.46ms
Grid Solving 		1.0% - 04.76ms
Image recreation 	4.9% - 22.79ms
PROCESS DURATION 	0.45s
EVERYTHING DONE 	0.47s
Grid(s) found
Failed during digits extraction
Grid(s) found
Failed during digits extraction
Grid(s) found
Failed during digits extraction
Grid(s) found
Failed during digits extraction
Grid(s) found
Extraction done
Solving done
Load Image			15.8% - 60.65ms
Grid Research 		71.6% - 275.55ms
Digits Extraction 	5.4% - 20.88ms
Grid Solving 		1.1% - 04.09ms
Image recreation 	6.1% - 23.47ms
PROCESS DURATION 	0.32s
EVERYTHING DONE 	0.38s
No grid found
Grid(s) found
Extraction done
Solving done
Load Image			2.6% - 03.83ms
Grid Research 		76.9% - 115.60ms
Digits Extraction 	12.4% - 18.67ms
Grid Solving 		2.8% - 04.16ms
Image recreation 	5.3% - 07.99ms
PROCESS DURATION 	0.15s
EVERYTHING DONE 	0.15s
Grid(s) found
Failed during digits extraction
Grid(s) found
Extraction done
Solving done
Load Image			13.7% - 65.00ms
Grid Research 		71.9% - 341.60ms
Digits Extraction 	3.2% - 15.09ms
Grid Solving 		4.7% - 22.37ms
Image recreation 	6.5% - 31.12ms
PROCESS DURATION 	0.41s
EVERYTHING DONE 	0.48s
Grid(s) found
Failed during digits extraction
Grid(s) found
Extraction done
Solving done
Load Image			3.3% - 06.02ms
Grid Research 		67.0% - 121.50ms
Digits Extraction 	12.9% - 23.42ms
Grid Solving 		9.7% - 17.63ms
Image recreation 	7.1% - 12.83ms
PROCESS DURATION 	0.18s
EVERYTHING DONE 	0.18s
Grid(s) found
Failed during digits extraction
Grid(s) found
Extraction done
Solving done
Load Image			2.7% - 13.90ms
Grid Research 		83.8% - 430.10ms
Digits Extraction 	5.6% - 28.59ms
Grid Solving 		1.4% - 07.15ms
Image recreation 	6.6% - 33.66ms
PROCESS DURATION 	0.50s
EVERYTHING DONE 	0.51s
No grid found
No grid found
No grid found
Grid(s) found
Failed during digits extraction
No grid found
Grid(s) found
Failed during digits extraction
Grid(s) found
Failed during digits extraction
Grid(s) found
Extraction done
Solving done
Load Image			1.8% - 03.17ms
Grid Research 		72.9% - 127.86ms
Digits Extraction 	15.0% - 26.25ms
Grid Solving 		4.0% - 06.94ms
Image recreation 	6.4% - 11.25ms
PROCESS DURATION 	0.17s
EVERYTHING DONE 	0.18s
Grid(s) found
Extraction done
Solving done
Load Image			1.9% - 03.85ms
Grid Research 		75.7% - 153.03ms
Digits Extraction 	8.3% - 16.81ms
Grid Solving 		8.7% - 17.69ms
Image recreation 	5.4% - 10.84ms
PROCESS DURATION 	0.20s
EVERYTHING DONE 	0.20s
Grid(s) found
Failed during digits extraction
Grid(s) found
Failed during digits extraction
No grid found
Grid(s) found
Failed during digits extraction
Grid(s) found
Extraction done
Solving done
Load Image			2.0% - 02.60ms
Grid Research 		71.6% - 92.29ms
Digits Extraction 	12.7% - 16.41ms
Grid Solving 		7.2% - 09.23ms
Image recreation 	6.5% - 08.35ms
PROCESS DURATION 	0.13s
EVERYTHING DONE 	0.13s
Grid(s) found
Extraction done
Solving done
Load Image			3.2% - 04.70ms
Grid Research 		68.6% - 101.99ms
Digits Extraction 	16.1% - 23.93ms
Grid Solving 		6.8% - 10.17ms
Image recreation 	5.3% - 07.94ms
PROCESS DURATION 	0.14s
EVERYTHING DONE 	0.15s
Grid(s) found
Extraction done
Solving done
Load Image			2.5% - 03.61ms
Grid Research 		67.1% - 97.73ms
Digits Extraction 	10.2% - 14.87ms
Grid Solving 		12.8% - 18.70ms
Image recreation 	7.4% - 10.72ms
PROCESS DURATION 	0.14s
EVERYTHING DONE 	0.15s
Grid(s) found
Extraction done
Solving done
Load Image			14.4% - 63.56ms
Grid Research 		73.0% - 322.92ms
Digits Extraction 	3.6% - 16.11ms
Grid Solving 		2.9% - 12.69ms
Image recreation 	6.2% - 27.28ms
PROCESS DURATION 	0.38s
EVERYTHING DONE 	0.44s
Grid(s) found
Extraction done
Solving done
Load Image			15.6% - 52.46ms
Grid Research 		72.2% - 242.59ms
Digits Extraction 	5.2% - 17.40ms
Grid Solving 		1.3% - 04.46ms
Image recreation 	5.7% - 19.27ms
PROCESS DURATION 	0.28s
EVERYTHING DONE 	0.34s
Grid(s) found
Failed during digits extraction
No grid found
Grid(s) found
Failed during digits extraction
Grid(s) found
Failed during digits extraction
Grid(s) found
Failed during digits extraction
Grid(s) found
Failed during digits extraction
No grid found
No grid found
Grid(s) found
Extraction done
Solving done
Load Image			8.0% - 21.50ms
Grid Research 		74.9% - 200.29ms
Digits Extraction 	8.0% - 21.32ms
Grid Solving 		1.4% - 03.75ms
Image recreation 	7.7% - 20.71ms
PROCESS DURATION 	0.25s
EVERYTHING DONE 	0.27s
No grid found
Grid(s) found
Failed during digits extraction
No grid found
No grid found
Grid(s) found
Extraction done
Solving done
Load Image			1.9% - 02.68ms
Grid Research 		63.2% - 88.16ms
Digits Extraction 	16.4% - 22.94ms
Grid Solving 		11.8% - 16.53ms
Image recreation 	6.6% - 09.18ms
PROCESS DURATION 	0.14s
EVERYTHING DONE 	0.14s
Grid(s) found
Failed during digits extraction
Grid(s) found
Extraction done
Solving done
Load Image			17.3% - 63.19ms
Grid Research 		58.2% - 213.07ms
Digits Extraction 	4.6% - 16.69ms
Grid Solving 		13.3% - 48.80ms
Image recreation 	6.6% - 24.20ms
PROCESS DURATION 	0.30s
EVERYTHING DONE 	0.37s
Grid(s) found
Extraction done
Solving done
Load Image			2.2% - 04.51ms
Grid Research 		66.9% - 136.87ms
Digits Extraction 	8.6% - 17.62ms
Grid Solving 		15.6% - 31.95ms
Image recreation 	6.7% - 13.78ms
PROCESS DURATION 	0.20s
EVERYTHING DONE 	0.20s
Grid(s) found
Extraction done
Solving done
Load Image			4.2% - 18.45ms
Grid Research 		84.2% - 370.37ms
Digits Extraction 	4.7% - 20.49ms
Grid Solving 		1.7% - 07.49ms
Image recreation 	5.3% - 23.32ms
PROCESS DURATION 	0.42s
EVERYTHING DONE 	0.44s
Grid(s) found
Extraction done
Solving done
Load Image			4.7% - 26.68ms
Grid Research 		80.0% - 452.92ms
Digits Extraction 	2.7% - 15.38ms
Grid Solving 		8.6% - 48.98ms
Image recreation 	4.0% - 22.54ms
PROCESS DURATION 	0.54s
EVERYTHING DONE 	0.57s
Grid(s) found
Failed during digits extraction
Grid(s) found
Extraction done
Solving done
Load Image			5.1% - 18.78ms
Grid Research 		82.8% - 303.12ms
Digits Extraction 	4.4% - 16.19ms
Grid Solving 		1.9% - 06.91ms
Image recreation 	5.7% - 20.99ms
PROCESS DURATION 	0.35s
EVERYTHING DONE 	0.37s
Grid(s) found
Failed during digits extraction
Grid(s) found
Failed during digits extraction
Grid(s) found
Failed during digits extraction
Grid(s) found
Extraction done
Solving done
Load Image			4.2% - 19.90ms
Grid Research 		87.0% - 408.99ms
Digits Extraction 	3.8% - 17.80ms
Grid Solving 		0.9% - 04.46ms
Image recreation 	4.1% - 19.22ms
PROCESS DURATION 	0.45s
EVERYTHING DONE 	0.47s
No grid found
No grid found
Grid(s) found
Failed during digits extraction
Grid(s) found
Failed during digits extraction
Grid(s) found
Failed during digits extraction
No grid found
No grid found
Grid(s) found
Failed during digits extraction
No grid found
No grid found
Grid(s) found
Extraction done
Solving done
Load Image			1.5% - 02.32ms
Grid Research 		65.4% - 100.64ms
Digits Extraction 	14.6% - 22.41ms
Grid Solving 		11.5% - 17.75ms
Image recreation 	6.9% - 10.65ms
PROCESS DURATION 	0.15s
EVERYTHING DONE 	0.15s
Grid(s) found
Extraction done
Solving done
Load Image			2.3% - 14.53ms
Grid Research 		89.3% - 571.89ms
Digits Extraction 	2.5% - 15.88ms
Grid Solving 		1.0% - 06.10ms
Image recreation 	5.0% - 31.85ms
PROCESS DURATION 	0.63s
EVERYTHING DONE 	0.64s
Grid(s) found
Extraction done
Solving done
Load Image			4.7% - 25.41ms
Grid Research 		80.1% - 433.66ms
Digits Extraction 	3.3% - 17.61ms
Grid Solving 		8.0% - 43.49ms
Image recreation 	3.9% - 21.38ms
PROCESS DURATION 	0.52s
EVERYTHING DONE 	0.54s
Grid(s) found
Extraction done
Solving done
Load Image			12.8% - 55.99ms
Grid Research 		74.9% - 327.36ms
Digits Extraction 	4.5% - 19.79ms
Grid Solving 		1.3% - 05.73ms
Image recreation 	6.4% - 28.03ms
PROCESS DURATION 	0.38s
EVERYTHING DONE 	0.44s
Grid(s) found
Failed during digits extraction
Grid(s) found
Failed during digits extraction
No grid found
Grid(s) found
Failed during digits extraction
No grid found
Grid(s) found
Failed during digits extraction
No grid found
Grid(s) found
Failed during digits extraction
Grid(s) found
Failed during digits extraction
Grid(s) found
Failed during digits extraction
No grid found
No grid found
No grid found
Grid(s) found
Extraction done
Solving done
Load Image			4.9% - 15.65ms
Grid Research 		79.9% - 253.40ms
Digits Extraction 	6.8% - 21.46ms
Grid Solving 		1.5% - 04.84ms
Image recreation 	6.9% - 21.93ms
PROCESS DURATION 	0.30s
EVERYTHING DONE 	0.32s
Grid(s) found
Failed during digits extraction
Grid(s) found
Extraction done
Solving done
Load Image			10.2% - 37.16ms
Grid Research 		75.5% - 274.04ms
Digits Extraction 	4.9% - 17.75ms
Grid Solving 		2.2% - 07.89ms
Image recreation 	7.3% - 26.35ms
PROCESS DURATION 	0.33s
EVERYTHING DONE 	0.36s
Grid(s) found
Failed during digits extraction
No grid found
Grid(s) found
Extraction done
Solving done
Load Image			1.9% - 02.36ms
Grid Research 		69.8% - 87.65ms
Digits Extraction 	12.5% - 15.72ms
Grid Solving 		7.2% - 09.09ms
Image recreation 	8.6% - 10.75ms
PROCESS DURATION 	0.12s
EVERYTHING DONE 	0.13s
No grid found
Grid(s) found
Extraction done
Solving done
Load Image			1.9% - 02.52ms
Grid Research 		72.7% - 97.24ms
Digits Extraction 	11.8% - 15.79ms
Grid Solving 		7.7% - 10.25ms
Image recreation 	5.9% - 07.90ms
PROCESS DURATION 	0.13s
EVERYTHING DONE 	0.13s
Grid(s) found
Extraction done
Solving done
Load Image			14.7% - 61.02ms
Grid Research 		74.4% - 309.60ms
Digits Extraction 	3.7% - 15.22ms
Grid Solving 		1.5% - 06.04ms
Image recreation 	5.8% - 23.97ms
PROCESS DURATION 	0.35s
EVERYTHING DONE 	0.42s
Grid(s) found
Extraction done
Solving done
Load Image			3.7% - 19.54ms
Grid Research 		85.1% - 454.91ms
Digits Extraction 	4.4% - 23.75ms
Grid Solving 		1.3% - 07.16ms
Image recreation 	5.5% - 29.21ms
PROCESS DURATION 	0.52s
EVERYTHING DONE 	0.53s
Grid(s) found
Failed during digits extraction
Grid(s) found
Failed during digits extraction
Grid(s) found
Extraction done
Solving done
Load Image			5.2% - 22.94ms
Grid Research 		85.6% - 380.26ms
Digits Extraction 	3.8% - 17.08ms
Grid Solving 		1.4% - 06.29ms
Image recreation 	3.9% - 17.41ms
PROCESS DURATION 	0.42s
EVERYTHING DONE 	0.44s
Grid(s) found
Extraction done
Solving done
Load Image			5.4% - 18.10ms
Grid Research 		75.4% - 253.56ms
Digits Extraction 	7.4% - 24.89ms
Grid Solving 		2.9% - 09.75ms
Image recreation 	8.9% - 29.80ms
PROCESS DURATION 	0.32s
EVERYTHING DONE 	0.34s
Grid(s) found
Extraction done
Solving done
Load Image			1.6% - 02.67ms
Grid Research 		75.8% - 126.57ms
Digits Extraction 	10.1% - 16.80ms
Grid Solving 		5.4% - 09.03ms
Image recreation 	7.1% - 11.83ms
PROCESS DURATION 	0.16s
EVERYTHING DONE 	0.17s
No grid found
Grid(s) found
Failed during digits extraction
Grid(s) found
Extraction done
Solving done
Load Image			17.4% - 62.14ms
Grid Research 		70.4% - 250.89ms
Digits Extraction 	4.3% - 15.50ms
Grid Solving 		2.0% - 07.03ms
Image recreation 	5.9% - 20.85ms
PROCESS DURATION 	0.29s
EVERYTHING DONE 	0.36s
No grid found
No grid found
No grid found
Grid(s) found
Failed during digits extraction
Grid(s) found
Extraction done
Solving done
Load Image			3.3% - 19.12ms
Grid Research 		88.4% - 519.03ms
Digits Extraction 	3.1% - 18.37ms
Grid Solving 		1.3% - 07.70ms
Image recreation 	3.9% - 23.12ms
PROCESS DURATION 	0.57s
EVERYTHING DONE 	0.59s
Grid(s) found
Failed during digits extraction
Grid(s) found
Extraction done
Solving done
Load Image			4.1% - 18.49ms
Grid Research 		84.3% - 384.38ms
Digits Extraction 	3.5% - 16.01ms
Grid Solving 		4.0% - 18.24ms
Image recreation 	4.1% - 18.88ms
PROCESS DURATION 	0.44s
EVERYTHING DONE 	0.46s
Grid(s) found
Failed during digits extraction
Grid(s) found
Failed during digits extraction
Grid(s) found
Failed during digits extraction
Grid(s) found
Failed during digits extraction
Grid(s) found
Extraction done
Solving done
Load Image			4.5% - 07.96ms
Grid Research 		64.3% - 113.29ms
Digits Extraction 	9.6% - 16.93ms
Grid Solving 		15.9% - 27.98ms
Image recreation 	5.6% - 09.94ms
PROCESS DURATION 	0.17s
EVERYTHING DONE 	0.18s
Grid(s) found
Failed during digits extraction
Grid(s) found
Failed during digits extraction
No grid found
Grid(s) found
Failed during digits extraction
No grid found
Grid(s) found
Extraction done
Solving done
Load Image			2.3% - 03.55ms
Grid Research 		70.8% - 110.56ms
Digits Extraction 	13.5% - 21.01ms
Grid Solving 		6.3% - 09.88ms
Image recreation 	7.1% - 11.11ms
PROCESS DURATION 	0.15s
EVERYTHING DONE 	0.16s
Grid(s) found
Failed during digits extraction
Grid(s) found
Failed during digits extraction
No grid found
Grid(s) found
Failed during digits extraction
No grid found
Grid(s) found
Extraction done
Solving done
Load Image			14.8% - 60.35ms
Grid Research 		74.3% - 302.73ms
Digits Extraction 	4.7% - 19.34ms
Grid Solving 		1.0% - 04.07ms
Image recreation 	5.2% - 20.99ms
PROCESS DURATION 	0.35s
EVERYTHING DONE 	0.41s
Grid(s) found
Failed during digits extraction
No grid found
Grid(s) found
Extraction done
Solving done
Load Image			2.4% - 04.08ms
Grid Research 		79.8% - 133.83ms
Digits Extraction 	8.5% - 14.29ms
Grid Solving 		3.5% - 05.84ms
Image recreation 	5.8% - 09.75ms
PROCESS DURATION 	0.16s
EVERYTHING DONE 	0.17s
Grid(s) found
Failed during digits extraction
Grid(s) found
Extraction done
Solving done
Load Image			10.7% - 20.08ms
Grid Research 		74.6% - 140.21ms
Digits Extraction 	8.2% - 15.36ms
Grid Solving 		2.8% - 05.35ms
Image recreation 	3.6% - 06.83ms
PROCESS DURATION 	0.17s
EVERYTHING DONE 	0.19s
Grid(s) found
Extraction done
Solving done
Load Image			2.2% - 03.79ms
Grid Research 		66.9% - 113.15ms
Digits Extraction 	8.7% - 14.67ms
Grid Solving 		15.6% - 26.37ms
Image recreation 	6.5% - 11.05ms
PROCESS DURATION 	0.17s
EVERYTHING DONE 	0.17s
No grid found
Grid(s) found
Extraction done
Solving done
Load Image			5.1% - 19.38ms
Grid Research 		83.2% - 318.52ms
Digits Extraction 	4.3% - 16.37ms
Grid Solving 		2.2% - 08.38ms
Image recreation 	5.2% - 20.02ms
PROCESS DURATION 	0.36s
EVERYTHING DONE 	0.38s
Grid(s) found
Failed during digits extraction
Grid(s) found
Extraction done
Solving done
Load Image			2.2% - 15.58ms
Grid Research 		89.4% - 642.47ms
Digits Extraction 	3.5% - 24.98ms
Grid Solving 		0.9% - 06.17ms
Image recreation 	4.1% - 29.31ms
PROCESS DURATION 	0.70s
EVERYTHING DONE 	0.72s
No grid found
Grid(s) found
Extraction done
Solving done
Load Image			6.0% - 19.34ms
Grid Research 		76.8% - 245.94ms
Digits Extraction 	6.9% - 22.00ms
Grid Solving 		2.8% - 09.02ms
Image recreation 	7.5% - 23.96ms
PROCESS DURATION 	0.30s
EVERYTHING DONE 	0.32s
No grid found
Grid(s) found
Failed during digits extraction
No grid found
Grid(s) found
Failed during digits extraction
Grid(s) found
Extraction done
Solving done
Load Image			2.1% - 02.64ms
Grid Research 		70.6% - 89.24ms
Digits Extraction 	14.8% - 18.72ms
Grid Solving 		7.3% - 09.26ms
Image recreation 	5.2% - 06.62ms
PROCESS DURATION 	0.12s
EVERYTHING DONE 	0.13s
Grid(s) found
Failed during digits extraction
Grid(s) found
Failed during digits extraction
Grid(s) found
Extraction done
Solving done
Load Image			14.0% - 49.63ms
Grid Research 		71.4% - 253.42ms
Digits Extraction 	7.2% - 25.40ms
Grid Solving 		1.1% - 03.80ms
Image recreation 	6.4% - 22.88ms
PROCESS DURATION 	0.31s
EVERYTHING DONE 	0.36s
Grid(s) found
Failed during digits extraction
No grid found
Grid(s) found
Extraction done
Solving done
Load Image			2.0% - 03.76ms
Grid Research 		75.0% - 138.29ms
Digits Extraction 	9.2% - 16.89ms
Grid Solving 		9.5% - 17.46ms
Image recreation 	4.4% - 08.04ms
PROCESS DURATION 	0.18s
EVERYTHING DONE 	0.18s
Grid(s) found
Extraction done
Solving done
Load Image			1.7% - 02.69ms
Grid Research 		71.3% - 110.14ms
Digits Extraction 	13.6% - 21.00ms
Grid Solving 		6.8% - 10.51ms
Image recreation 	6.6% - 10.12ms
PROCESS DURATION 	0.15s
EVERYTHING DONE 	0.15s
Grid(s) found
Failed during digits extraction
Grid(s) found
Failed during digits extraction
Grid(s) found
Failed during digits extraction
No grid found
Grid(s) found
Extraction done
Solving done
Load Image			10.7% - 61.81ms
Grid Research 		54.5% - 316.24ms
Digits Extraction 	2.6% - 15.33ms
Grid Solving 		28.9% - 168.00ms
Image recreation 	3.3% - 18.93ms
PROCESS DURATION 	0.52s
EVERYTHING DONE 	0.58s
No grid found
No grid found
Grid(s) found
Failed during digits extraction
Grid(s) found
Extraction done
Solving done
Load Image			2.7% - 03.77ms
Grid Research 		73.3% - 103.23ms
Digits Extraction 	15.3% - 21.58ms
Grid Solving 		2.9% - 04.09ms
Image recreation 	5.8% - 08.13ms
PROCESS DURATION 	0.14s
EVERYTHING DONE 	0.14s
No grid found
Grid(s) found
Failed during digits extraction
Grid(s) found
Failed during digits extraction
Grid(s) found
Failed during digits extraction
Grid(s) found
Failed during digits extraction
Grid(s) found
Failed during digits extraction
No grid found
No grid found
No grid found
Grid(s) found
Extraction done
Solving done
Load Image			10.7% - 50.35ms
Grid Research 		78.6% - 370.86ms
Digits Extraction 	3.5% - 16.30ms
Grid Solving 		1.7% - 07.97ms
Image recreation 	5.6% - 26.54ms
PROCESS DURATION 	0.42s
EVERYTHING DONE 	0.47s
Grid(s) found
Failed during digits extraction
No grid found
Grid(s) found
Extraction done
Solving done
Load Image			2.1% - 02.76ms
Grid Research 		67.3% - 90.08ms
Digits Extraction 	13.5% - 18.13ms
Grid Solving 		8.6% - 11.54ms
Image recreation 	8.4% - 11.29ms
PROCESS DURATION 	0.13s
EVERYTHING DONE 	0.13s
No grid found
No grid found
Grid(s) found
Extraction done
Solving done
Load Image			15.7% - 48.92ms
Grid Research 		69.6% - 217.44ms
Digits Extraction 	5.4% - 16.96ms
Grid Solving 		2.6% - 08.11ms
Image recreation 	6.7% - 21.09ms
PROCESS DURATION 	0.26s
EVERYTHING DONE 	0.31s
No grid found
Grid(s) found
Extraction done
Solving done
Load Image			1.8% - 02.69ms
Grid Research 		64.8% - 97.51ms
Digits Extraction 	19.0% - 28.53ms
Grid Solving 		5.5% - 08.31ms
Image recreation 	8.9% - 13.34ms
PROCESS DURATION 	0.15s
EVERYTHING DONE 	0.15s
Grid(s) found
Failed during digits extraction
Grid(s) found
Extraction done
Solving done
Load Image			1.5% - 02.64ms
Grid Research 		64.8% - 112.49ms
Digits Extraction 	10.7% - 18.60ms
Grid Solving 		17.8% - 30.91ms
Image recreation 	5.1% - 08.90ms
PROCESS DURATION 	0.17s
EVERYTHING DONE 	0.17s
Grid(s) found
Failed during digits extraction
Grid(s) found
Failed during digits extraction
Grid(s) found
Extraction done
Solving done
Load Image			2.0% - 02.60ms
Grid Research 		68.1% - 90.87ms
Digits Extraction 	14.8% - 19.73ms
Grid Solving 		7.7% - 10.27ms
Image recreation 	7.4% - 09.94ms
PROCESS DURATION 	0.13s
EVERYTHING DONE 	0.13s
Grid(s) found
Failed during digits extraction
Grid(s) found
Failed during digits extraction
No grid found
No grid found
Grid(s) found
Extraction done
Solving done
Load Image			4.4% - 16.70ms
Grid Research 		78.5% - 296.33ms
Digits Extraction 	6.0% - 22.75ms
Grid Solving 		3.0% - 11.42ms
Image recreation 	8.0% - 30.07ms
PROCESS DURATION 	0.36s
EVERYTHING DONE 	0.38s
Grid(s) found
Failed during digits extraction
Grid(s) found
Failed during digits extraction
Grid(s) found
Failed during digits extraction
Grid(s) found
Failed during digits extraction
No grid found
Grid(s) found
Failed during digits extraction
Grid(s) found
Failed during digits extraction
No grid found
Grid(s) found
Failed during digits extraction
Grid(s) found
Extraction done
Solving done
Load Image			44.0% - 76.58ms
Grid Research 		39.4% - 68.51ms
Digits Extraction 	8.1% - 14.12ms
Grid Solving 		4.4% - 07.68ms
Image recreation 	4.1% - 07.17ms
PROCESS DURATION 	0.10s
EVERYTHING DONE 	0.17s
Grid(s) found
Extraction done
Solving done
Load Image			5.1% - 19.91ms
Grid Research 		80.1% - 313.22ms
Digits Extraction 	4.4% - 17.27ms
Grid Solving 		4.1% - 15.86ms
Image recreation 	6.4% - 24.92ms
PROCESS DURATION 	0.37s
EVERYTHING DONE 	0.39s
Grid(s) found
Failed during digits extraction
Grid(s) found
Failed during digits extraction
Grid(s) found
Extraction done
Solving done
Load Image			2.3% - 03.44ms
Grid Research 		67.3% - 102.54ms
Digits Extraction 	18.7% - 28.55ms
Grid Solving 		5.4% - 08.27ms
Image recreation 	6.3% - 09.62ms
PROCESS DURATION 	0.15s
EVERYTHING DONE 	0.15s
Grid(s) found
Extraction done
Solving done
Load Image			2.3% - 03.59ms
Grid Research 		69.4% - 109.26ms
Digits Extraction 	14.1% - 22.16ms
Grid Solving 		6.0% - 09.42ms
Image recreation 	8.2% - 12.99ms
PROCESS DURATION 	0.15s
EVERYTHING DONE 	0.16s
Grid(s) found
Extraction done
Solving done
Load Image			5.5% - 17.34ms
Grid Research 		80.8% - 254.44ms
Digits Extraction 	5.3% - 16.55ms
Grid Solving 		1.6% - 04.90ms
Image recreation 	6.9% - 21.61ms
PROCESS DURATION 	0.30s
EVERYTHING DONE 	0.31s
Grid(s) found
Failed during digits extraction
Grid(s) found
Extraction done
Solving done
Load Image			4.8% - 24.04ms
Grid Research 		83.8% - 422.88ms
Digits Extraction 	3.7% - 18.57ms
Grid Solving 		2.3% - 11.50ms
Image recreation 	5.5% - 27.66ms
PROCESS DURATION 	0.48s
EVERYTHING DONE 	0.50s
Grid(s) found
Failed during digits extraction
Grid(s) found
Failed during digits extraction
Grid(s) found
Failed during digits extraction
Grid(s) found
Failed during digits extraction
Grid(s) found
Extraction done
Solving done
Load Image			14.4% - 64.53ms
Grid Research 		69.8% - 312.64ms
Digits Extraction 	6.0% - 26.82ms
Grid Solving 		2.4% - 10.75ms
Image recreation 	7.3% - 32.89ms
PROCESS DURATION 	0.38s
EVERYTHING DONE 	0.45s
No grid found
Grid(s) found
Extraction done
Solving done
Load Image			2.8% - 04.30ms
Grid Research 		75.6% - 116.49ms
Digits Extraction 	11.7% - 18.06ms
Grid Solving 		2.9% - 04.43ms
Image recreation 	7.0% - 10.72ms
PROCESS DURATION 	0.15s
EVERYTHING DONE 	0.15s
Grid(s) found
Failed during digits extraction
Grid(s) found
Extraction done
Solving done
Load Image			13.4% - 64.65ms
Grid Research 		72.7% - 349.64ms
Digits Extraction 	3.3% - 15.81ms
Grid Solving 		4.7% - 22.84ms
Image recreation 	5.8% - 28.12ms
PROCESS DURATION 	0.42s
EVERYTHING DONE 	0.48s
Grid(s) found
Failed during digits extraction
Grid(s) found
Extraction done
Solving done
Load Image			1.8% - 02.66ms
Grid Research 		72.0% - 106.26ms
Digits Extraction 	14.2% - 20.94ms
Grid Solving 		5.3% - 07.75ms
Image recreation 	6.7% - 09.89ms
PROCESS DURATION 	0.14s
EVERYTHING DONE 	0.15s
Grid(s) found
Failed during digits extraction
Grid(s) found
Extraction done
Solving done
Load Image			2.6% - 13.01ms
Grid Research 		86.8% - 437.37ms
Digits Extraction 	4.3% - 21.89ms
Grid Solving 		0.8% - 04.19ms
Image recreation 	5.5% - 27.56ms
PROCESS DURATION 	0.49s
EVERYTHING DONE 	0.50s
No grid found
No grid found
No grid found
Grid(s) found
Failed during digits extraction
No grid found
Grid(s) found
Failed during digits extraction
Grid(s) found
Failed during digits extraction
Grid(s) found
Extraction done
Solving done
Load Image			2.2% - 04.00ms
Grid Research 		75.5% - 134.45ms
Digits Extraction 	13.2% - 23.47ms
Grid Solving 		4.1% - 07.35ms
Image recreation 	5.0% - 08.87ms
PROCESS DURATION 	0.17s
EVERYTHING DONE 	0.18s
Grid(s) found
Extraction done
Solving done
Load Image			2.1% - 03.86ms
Grid Research 		80.8% - 149.58ms
Digits Extraction 	7.6% - 14.06ms
Grid Solving 		4.5% - 08.26ms
Image recreation 	5.1% - 09.40ms
PROCESS DURATION 	0.18s
EVERYTHING DONE 	0.19s
Grid(s) found
Failed during digits extraction
Grid(s) found
Failed during digits extraction
No grid found
Grid(s) found
Failed during digits extraction
Grid(s) found
Extraction done
Solving done
Load Image			2.2% - 02.92ms
Grid Research 		69.7% - 93.82ms
Digits Extraction 	12.5% - 16.85ms
Grid Solving 		7.6% - 10.27ms
Image recreation 	7.9% - 10.67ms
PROCESS DURATION 	0.13s
EVERYTHING DONE 	0.13s
Grid(s) found
Extraction done
Solving done
Load Image			1.5% - 02.62ms
Grid Research 		64.3% - 112.59ms
Digits Extraction 	14.3% - 25.07ms
Grid Solving 		13.8% - 24.19ms
Image recreation 	6.0% - 10.58ms
PROCESS DURATION 	0.17s
EVERYTHING DONE 	0.18s
Grid(s) found
Extraction done
Solving done
Load Image			2.5% - 03.71ms
Grid Research 		67.3% - 99.31ms
Digits Extraction 	9.4% - 13.93ms
Grid Solving 		13.3% - 19.60ms
Image recreation 	7.5% - 11.03ms
PROCESS DURATION 	0.14s
EVERYTHING DONE 	0.15s
Grid(s) found
Extraction done
Solving done
Load Image			14.9% - 62.91ms
Grid Research 		73.8% - 310.69ms
Digits Extraction 	3.7% - 15.40ms
Grid Solving 		1.3% - 05.68ms
Image recreation 	6.2% - 26.18ms
PROCESS DURATION 	0.36s
EVERYTHING DONE 	0.42s
Grid(s) found
Extraction done
Solving done
Load Image			15.1% - 51.88ms
Grid Research 		71.6% - 245.28ms
Digits Extraction 	5.2% - 17.68ms
Grid Solving 		1.4% - 04.86ms
Image recreation 	6.7% - 22.95ms
PROCESS DURATION 	0.29s
EVERYTHING DONE 	0.34s
Grid(s) found
Failed during digits extraction
No grid found
Grid(s) found
Failed during digits extraction
Grid(s) found
Failed during digits extraction
Grid(s) found
Failed during digits extraction
Grid(s) found
Failed during digits extraction
No grid found
No grid found
Grid(s) found
Extraction done
Solving done
Load Image			8.1% - 20.18ms
Grid Research 		69.9% - 175.13ms
Digits Extraction 	8.8% - 21.99ms
Grid Solving 		3.9% - 09.78ms
Image recreation 	9.4% - 23.52ms
PROCESS DURATION 	0.23s
EVERYTHING DONE 	0.25s
No grid found
Grid(s) found
Failed during digits extraction
No grid found
No grid found
Grid(s) found
Extraction done
Solving done
Load Image			2.0% - 02.73ms
Grid Research 		68.3% - 91.43ms
Digits Extraction 	15.3% - 20.41ms
Grid Solving 		5.5% - 07.35ms
Image recreation 	8.9% - 11.87ms
PROCESS DURATION 	0.13s
EVERYTHING DONE 	0.13s
Grid(s) found
Failed during digits extraction
Grid(s) found
Extraction done
Solving done
Load Image			23.4% - 88.49ms
Grid Research 		53.0% - 200.33ms
Digits Extraction 	4.3% - 16.34ms
Grid Solving 		12.4% - 46.74ms
Image recreation 	7.0% - 26.44ms
PROCESS DURATION 	0.29s
EVERYTHING DONE 	0.38s
Grid(s) found
Extraction done
Solving done
Load Image			2.3% - 04.06ms
Grid Research 		74.0% - 127.93ms
Digits Extraction 	10.1% - 17.47ms
Grid Solving 		8.2% - 14.19ms
Image recreation 	5.4% - 09.32ms
PROCESS DURATION 	0.17s
EVERYTHING DONE 	0.17s
Grid(s) found
Extraction done
Solving done
Load Image			3.5% - 17.95ms
Grid Research 		83.5% - 423.77ms
Digits Extraction 	4.6% - 23.15ms
Grid Solving 		3.3% - 16.90ms
Image recreation 	5.1% - 25.83ms
PROCESS DURATION 	0.49s
EVERYTHING DONE 	0.51s
Grid(s) found
Extraction done
Solving done
Load Image			4.7% - 24.15ms
Grid Research 		80.4% - 416.42ms
Digits Extraction 	3.1% - 16.12ms
Grid Solving 		7.3% - 38.00ms
Image recreation 	4.5% - 23.51ms
PROCESS DURATION 	0.49s
EVERYTHING DONE 	0.52s
Grid(s) found
Failed during digits extraction
Grid(s) found
Extraction done
Solving done
Load Image			5.0% - 19.05ms
Grid Research 		83.5% - 318.63ms
Digits Extraction 	4.2% - 16.18ms
Grid Solving 		1.8% - 06.98ms
Image recreation 	5.4% - 20.69ms
PROCESS DURATION 	0.36s
EVERYTHING DONE 	0.38s
Grid(s) found
Failed during digits extraction
Grid(s) found
Failed during digits extraction
Grid(s) found
Failed during digits extraction
Grid(s) found
Extraction done
Solving done
Load Image			3.8% - 19.37ms
Grid Research 		85.8% - 436.42ms
Digits Extraction 	3.8% - 19.19ms
Grid Solving 		2.1% - 10.75ms
Image recreation 	4.5% - 23.05ms
PROCESS DURATION 	0.49s
EVERYTHING DONE 	0.51s
No grid found
No grid found
Grid(s) found
Failed during digits extraction
Grid(s) found
Failed during digits extraction
Grid(s) found
Failed during digits extraction
No grid found
No grid found
Grid(s) found
Failed during digits extraction
No grid found
No grid found
Grid(s) found
Extraction done
Solving done
Load Image			2.5% - 03.41ms
Grid Research 		66.8% - 90.96ms
Digits Extraction 	17.0% - 23.14ms
Grid Solving 		5.9% - 07.98ms
Image recreation 	7.9% - 10.73ms
PROCESS DURATION 	0.13s
EVERYTHING DONE 	0.14s
Grid(s) found
Extraction done
Solving done
Load Image			2.0% - 13.42ms
Grid Research 		90.9% - 607.20ms
Digits Extraction 	2.4% - 15.99ms
Grid Solving 		0.9% - 06.10ms
Image recreation 	3.7% - 25.02ms
PROCESS DURATION 	0.65s
EVERYTHING DONE 	0.67s
Grid(s) found
Extraction done
Solving done
Load Image			4.8% - 24.09ms
Grid Research 		82.3% - 412.54ms
Digits Extraction 	3.3% - 16.65ms
Grid Solving 		5.2% - 26.29ms
Image recreation 	4.3% - 21.65ms
PROCESS DURATION 	0.48s
EVERYTHING DONE 	0.50s
Grid(s) found
Extraction done
Solving done
Load Image			13.8% - 51.84ms
Grid Research 		73.5% - 275.66ms
Digits Extraction 	4.4% - 16.34ms
Grid Solving 		1.6% - 05.88ms
Image recreation 	6.8% - 25.55ms
PROCESS DURATION 	0.32s
EVERYTHING DONE 	0.38s
Grid(s) found
Failed during digits extraction
Grid(s) found
Failed during digits extraction
No grid found
Grid(s) found
Failed during digits extraction
No grid found
Grid(s) found
Failed during digits extraction
No grid found
Grid(s) found
Failed during digits extraction
Grid(s) found
Failed during digits extraction
Grid(s) found
Failed during digits extraction
No grid found
No grid found
No grid found
Grid(s) found
Extraction done
Solving done
Load Image			5.2% - 16.33ms
Grid Research 		79.4% - 250.42ms
Digits Extraction 	6.8% - 21.57ms
Grid Solving 		1.6% - 04.98ms
Image recreation 	7.0% - 22.23ms
PROCESS DURATION 	0.30s
EVERYTHING DONE 	0.32s
Grid(s) found
Failed during digits extraction
Grid(s) found
Extraction done
Solving done
Load Image			5.5% - 18.02ms
Grid Research 		80.1% - 261.31ms
Digits Extraction 	5.5% - 17.79ms
Grid Solving 		2.6% - 08.32ms
Image recreation 	6.4% - 20.89ms
PROCESS DURATION 	0.31s
EVERYTHING DONE 	0.33s
Grid(s) found
Failed during digits extraction
No grid found
Grid(s) found
Extraction done
Solving done
Load Image			1.9% - 02.58ms
Grid Research 		71.4% - 97.23ms
Digits Extraction 	11.4% - 15.60ms
Grid Solving 		7.0% - 09.60ms
Image recreation 	8.2% - 11.22ms
PROCESS DURATION 	0.13s
EVERYTHING DONE 	0.14s
No grid found
Grid(s) found
Extraction done
Solving done
Load Image			1.8% - 02.51ms
Grid Research 		65.4% - 93.72ms
Digits Extraction 	12.5% - 17.86ms
Grid Solving 		14.7% - 21.02ms
Image recreation 	5.7% - 08.21ms
PROCESS DURATION 	0.14s
EVERYTHING DONE 	0.14s
Grid(s) found
Extraction done
Solving done
Load Image			14.0% - 60.29ms
Grid Research 		75.3% - 323.81ms
Digits Extraction 	3.6% - 15.38ms
Grid Solving 		1.5% - 06.42ms
Image recreation 	5.7% - 24.41ms
PROCESS DURATION 	0.37s
EVERYTHING DONE 	0.43s
Grid(s) found
Extraction done
Solving done
Load Image			3.9% - 19.65ms
Grid Research 		86.4% - 433.34ms
Digits Extraction 	4.1% - 20.70ms
Grid Solving 		0.8% - 04.13ms
Image recreation 	4.7% - 23.61ms
PROCESS DURATION 	0.48s
EVERYTHING DONE 	0.50s
Grid(s) found
Failed during digits extraction
Grid(s) found
Failed during digits extraction
Grid(s) found
Extraction done
Solving done
Load Image			7.8% - 36.71ms
Grid Research 		81.2% - 382.44ms
Digits Extraction 	4.8% - 22.59ms
Grid Solving 		1.5% - 06.96ms
Image recreation 	4.8% - 22.54ms
PROCESS DURATION 	0.43s
EVERYTHING DONE 	0.47s
Grid(s) found
Extraction done
Solving done
Load Image			5.7% - 18.45ms
Grid Research 		79.7% - 259.24ms
Digits Extraction 	6.4% - 20.75ms
Grid Solving 		1.3% - 04.30ms
Image recreation 	6.9% - 22.35ms
PROCESS DURATION 	0.31s
EVERYTHING DONE 	0.33s
Grid(s) found
Extraction done
Solving done
Load Image			1.6% - 02.71ms
Grid Research 		75.7% - 131.59ms
Digits Extraction 	12.1% - 21.06ms
Grid Solving 		6.3% - 11.03ms
Image recreation 	4.3% - 07.52ms
PROCESS DURATION 	0.17s
EVERYTHING DONE 	0.17s
No grid found
Grid(s) found
Failed during digits extraction
Grid(s) found
Extraction done
Solving done
Load Image			18.7% - 60.55ms
Grid Research 		62.6% - 202.57ms
Digits Extraction 	5.2% - 16.87ms
Grid Solving 		5.7% - 18.39ms
Image recreation 	7.8% - 25.24ms
PROCESS DURATION 	0.26s
EVERYTHING DONE 	0.32s
No grid found
No grid found
No grid found
Grid(s) found
Failed during digits extraction
Grid(s) found
Extraction done
Solving done
Load Image			5.5% - 31.63ms
Grid Research 		85.9% - 492.30ms
Digits Extraction 	3.2% - 18.21ms
Grid Solving 		1.5% - 08.45ms
Image recreation 	3.9% - 22.19ms
PROCESS DURATION 	0.54s
EVERYTHING DONE 	0.57s
Grid(s) found
Failed during digits extraction
Grid(s) found
Extraction done
Solving done
Load Image			8.2% - 39.31ms
Grid Research 		80.0% - 383.92ms
Digits Extraction 	3.2% - 15.26ms
Grid Solving 		4.1% - 19.55ms
Image recreation 	4.5% - 21.78ms
PROCESS DURATION 	0.44s
EVERYTHING DONE 	0.48s
Grid(s) found
Failed during digits extraction
Grid(s) found
Failed during digits extraction
Grid(s) found
Failed during digits extraction
Grid(s) found
Failed during digits extraction
Grid(s) found
Extraction done
Solving done
Load Image			3.8% - 08.06ms
Grid Research 		69.4% - 146.51ms
Digits Extraction 	8.0% - 16.86ms
Grid Solving 		14.3% - 30.13ms
Image recreation 	4.5% - 09.49ms
PROCESS DURATION 	0.20s
EVERYTHING DONE 	0.21s
Grid(s) found
Failed during digits extraction
Grid(s) found
Failed during digits extraction
No grid found
Grid(s) found
Failed during digits extraction
No grid found
Grid(s) found
Extraction done
Solving done
Load Image			2.5% - 03.70ms
Grid Research 		69.3% - 103.42ms
Digits Extraction 	14.7% - 21.94ms
Grid Solving 		7.0% - 10.41ms
Image recreation 	6.5% - 09.74ms
PROCESS DURATION 	0.15s
EVERYTHING DONE 	0.15s
Grid(s) found
Failed during digits extraction
Grid(s) found
Failed during digits extraction
No grid found
Grid(s) found
Failed during digits extraction
No grid found
Grid(s) found
Extraction done
Solving done
Load Image			14.1% - 62.17ms
Grid Research 		75.6% - 333.74ms
Digits Extraction 	4.6% - 20.37ms
Grid Solving 		0.9% - 04.07ms
Image recreation 	4.8% - 21.04ms
PROCESS DURATION 	0.38s
EVERYTHING DONE 	0.44s
Grid(s) found
Failed during digits extraction
No grid found
Grid(s) found
Extraction done
Solving done
Load Image			2.5% - 04.10ms
Grid Research 		77.4% - 128.18ms
Digits Extraction 	9.3% - 15.48ms
Grid Solving 		3.7% - 06.19ms
Image recreation 	7.0% - 11.61ms
PROCESS DURATION 	0.16s
EVERYTHING DONE 	0.17s
Grid(s) found
Failed during digits extraction
Grid(s) found
Extraction done
Solving done
Load Image			9.5% - 20.43ms
Grid Research 		71.4% - 152.92ms
Digits Extraction 	8.4% - 18.06ms
Grid Solving 		6.5% - 13.94ms
Image recreation 	4.2% - 08.97ms
PROCESS DURATION 	0.19s
EVERYTHING DONE 	0.21s
Grid(s) found
Extraction done
Solving done
Load Image			3.3% - 05.25ms
Grid Research 		75.3% - 119.56ms
Digits Extraction 	7.7% - 12.18ms
Grid Solving 		8.9% - 14.16ms
Image recreation 	4.8% - 07.59ms
PROCESS DURATION 	0.15s
EVERYTHING DONE 	0.16s
No grid found
Grid(s) found
Extraction done
Solving done
Load Image			4.7% - 17.59ms
Grid Research 		82.5% - 306.16ms
Digits Extraction 	4.5% - 16.79ms
Grid Solving 		2.4% - 08.79ms
Image recreation 	5.9% - 21.72ms
PROCESS DURATION 	0.35s
EVERYTHING DONE 	0.37s
Grid(s) found
Failed during digits extraction
Grid(s) found
Extraction done
Solving done
Load Image			2.2% - 15.48ms
Grid Research 		89.4% - 629.72ms
Digits Extraction 	3.1% - 22.12ms
Grid Solving 		0.6% - 04.04ms
Image recreation 	4.6% - 32.66ms
PROCESS DURATION 	0.69s
EVERYTHING DONE 	0.70s
No grid found
Grid(s) found
Extraction done
Solving done
Load Image			6.2% - 19.30ms
Grid Research 		77.3% - 241.80ms
Digits Extraction 	8.8% - 27.38ms
Grid Solving 		1.3% - 04.17ms
Image recreation 	6.4% - 20.12ms
PROCESS DURATION 	0.29s
EVERYTHING DONE 	0.31s
No grid found
Grid(s) found
Failed during digits extraction
No grid found
Grid(s) found
Failed during digits extraction
Grid(s) found
Extraction done
Solving done
Load Image			2.1% - 02.75ms
Grid Research 		68.9% - 90.34ms
Digits Extraction 	15.3% - 20.01ms
Grid Solving 		7.5% - 09.80ms
Image recreation 	6.2% - 08.16ms
PROCESS DURATION 	0.13s
EVERYTHING DONE 	0.13s
Grid(s) found
Failed during digits extraction
Grid(s) found
Failed during digits extraction
Grid(s) found
Extraction done
Solving done
Load Image			13.0% - 54.81ms
Grid Research 		73.0% - 309.09ms
Digits Extraction 	6.0% - 25.25ms
Grid Solving 		2.4% - 10.09ms
Image recreation 	5.7% - 23.91ms
PROCESS DURATION 	0.37s
EVERYTHING DONE 	0.42s
Grid(s) found
Failed during digits extraction
No grid found
Grid(s) found
Extraction done
Solving done
Load Image			1.8% - 03.73ms
Grid Research 		67.7% - 141.82ms
Digits Extraction 	7.9% - 16.61ms
Grid Solving 		16.8% - 35.15ms
Image recreation 	5.8% - 12.17ms
PROCESS DURATION 	0.21s
EVERYTHING DONE 	0.21s
Grid(s) found
Extraction done
Solving done
Load Image			1.8% - 02.93ms
Grid Research 		63.7% - 101.60ms
Digits Extraction 	15.1% - 24.04ms
Grid Solving 		14.4% - 23.05ms
Image recreation 	5.0% - 07.94ms
PROCESS DURATION 	0.16s
EVERYTHING DONE 	0.16s
Grid(s) found
Failed during digits extraction
Grid(s) found
Failed during digits extraction
Grid(s) found
Failed during digits extraction
No grid found
Grid(s) found
Extraction done
Solving done
Load Image			10.2% - 62.29ms
Grid Research 		54.5% - 332.04ms
Digits Extraction 	2.4% - 14.87ms
Grid Solving 		29.3% - 178.09ms
Image recreation 	3.5% - 21.42ms
PROCESS DURATION 	0.55s
EVERYTHING DONE 	0.61s
Grid(s) found
Extraction done
Solving done
Load Image			2.4% - 09.17ms
Grid Research 		42.5% - 163.41ms
Digits Extraction 	46.0% - 177.14ms
Grid Solving 		3.1% - 12.01ms
Image recreation 	6.0% - 23.21ms
PROCESS DURATION 	0.38s
EVERYTHING DONE 	0.38s
Grid(s) found
Failed during digits extraction
No grid found
Grid(s) found
Extraction done
Solving done
Load Image			2.5% - 03.95ms
Grid Research 		67.9% - 107.60ms
Digits Extraction 	11.2% - 17.81ms
Grid Solving 		10.3% - 16.35ms
Image recreation 	8.1% - 12.80ms
PROCESS DURATION 	0.15s
EVERYTHING DONE 	0.16s
Grid(s) found
Extraction done
Solving done
Load Image			9.8% - 20.20ms
Grid Research 		65.4% - 134.98ms
Digits Extraction 	12.5% - 25.86ms
Grid Solving 		7.3% - 15.06ms
Image recreation 	5.1% - 10.45ms
PROCESS DURATION 	0.19s
EVERYTHING DONE 	0.21s
Grid(s) found
Extraction done
Solving done
Load Image			2.3% - 04.54ms
Grid Research 		70.4% - 141.60ms
Digits Extraction 	11.5% - 23.15ms
Grid Solving 		9.4% - 18.96ms
Image recreation 	6.4% - 12.78ms
PROCESS DURATION 	0.20s
EVERYTHING DONE 	0.20s
Grid(s) found
Extraction done
Solving done
Load Image			1.7% - 14.13ms
Grid Research 		88.0% - 735.93ms
Digits Extraction 	3.6% - 29.76ms
Grid Solving 		0.5% - 04.44ms
Image recreation 	6.2% - 51.98ms
PROCESS DURATION 	0.82s
EVERYTHING DONE 	0.84s
Grid(s) found
Extraction done
Solving done
Load Image			2.1% - 11.13ms
Grid Research 		80.1% - 431.72ms
Digits Extraction 	5.8% - 31.06ms
Grid Solving 		0.8% - 04.07ms
Image recreation 	11.3% - 60.93ms
PROCESS DURATION 	0.53s
EVERYTHING DONE 	0.54s
Grid(s) found
Failed during digits extraction
Grid(s) found
Failed during digits extraction
Grid(s) found
Failed during digits extraction
Grid(s) found
Failed during digits extraction
No grid found
Grid(s) found
Extraction done
Solving done
Load Image			2.1% - 03.89ms
Grid Research 		77.0% - 145.77ms
Digits Extraction 	13.1% - 24.73ms
Grid Solving 		1.9% - 03.57ms
Image recreation 	6.0% - 11.38ms
PROCESS DURATION 	0.19s
EVERYTHING DONE 	0.19s
Grid(s) found
Failed during digits extraction
No grid found
Grid(s) found
Failed during digits extraction
Grid(s) found
Failed during digits extraction
Grid(s) found
Failed during digits extraction
No grid found
Grid(s) found
Failed during digits extraction
Grid(s) found
Failed during digits extraction
Grid(s) found
Extraction done
Solving done
Load Image			9.0% - 31.42ms
Grid Research 		71.3% - 249.36ms
Digits Extraction 	7.9% - 27.66ms
Grid Solving 		2.8% - 09.91ms
Image recreation 	9.0% - 31.55ms
PROCESS DURATION 	0.32s
EVERYTHING DONE 	0.35s
Grid(s) found
Failed during digits extraction
Grid(s) found
Extraction done
Solving done
Load Image			6.2% - 22.11ms
Grid Research 		76.9% - 274.03ms
Digits Extraction 	6.4% - 22.73ms
Grid Solving 		2.0% - 07.14ms
Image recreation 	8.5% - 30.46ms
PROCESS DURATION 	0.33s
EVERYTHING DONE 	0.36s
No grid found
Grid(s) found
Extraction done
Solving done
Load Image			12.9% - 45.72ms
Grid Research 		69.4% - 246.52ms
Digits Extraction 	8.5% - 30.30ms
Grid Solving 		1.3% - 04.54ms
Image recreation 	7.9% - 28.05ms
PROCESS DURATION 	0.31s
EVERYTHING DONE 	0.36s
No grid found
Grid(s) found
Extraction done
Solving done
Load Image			1.8% - 02.31ms
Grid Research 		63.3% - 81.56ms
Digits Extraction 	17.0% - 21.95ms
Grid Solving 		9.0% - 11.54ms
Image recreation 	8.9% - 11.52ms
PROCESS DURATION 	0.13s
EVERYTHING DONE 	0.13s
Grid(s) found
Extraction done
Solving done
Load Image			1.9% - 02.70ms
Grid Research 		67.6% - 96.95ms
Digits Extraction 	15.2% - 21.86ms
Grid Solving 		7.0% - 09.98ms
Image recreation 	8.3% - 11.92ms
PROCESS DURATION 	0.14s
EVERYTHING DONE 	0.14s
No grid found
No grid found
Grid(s) found
Failed during digits extraction
Grid(s) found
Failed during digits extraction
Grid(s) found
Extraction done
Solving done
Load Image			4.0% - 06.66ms
Grid Research 		58.5% - 97.92ms
Digits Extraction 	15.1% - 25.21ms
Grid Solving 		14.5% - 24.20ms
Image recreation 	8.0% - 13.46ms
PROCESS DURATION 	0.16s
EVERYTHING DONE 	0.17s
Grid(s) found
Failed during digits extraction
No grid found
No grid found
Grid(s) found
Extraction done
Solving done
Load Image			4.7% - 21.88ms
Grid Research 		76.6% - 354.08ms
Digits Extraction 	4.2% - 19.51ms
Grid Solving 		8.1% - 37.26ms
Image recreation 	6.4% - 29.41ms
PROCESS DURATION 	0.44s
EVERYTHING DONE 	0.46s
Grid(s) found
Failed during digits extraction
Grid(s) found
Extraction done
Solving done
Load Image			5.5% - 20.58ms
Grid Research 		78.7% - 292.99ms
Digits Extraction 	5.1% - 18.94ms
Grid Solving 		3.2% - 11.96ms
Image recreation 	7.5% - 27.88ms
PROCESS DURATION 	0.35s
EVERYTHING DONE 	0.37s
Grid(s) found
Failed during digits extraction
Grid(s) found
Extraction done
Solving done
Load Image			5.1% - 17.45ms
Grid Research 		72.1% - 244.47ms
Digits Extraction 	9.2% - 31.10ms
Grid Solving 		3.7% - 12.46ms
Image recreation 	9.9% - 33.62ms
PROCESS DURATION 	0.32s
EVERYTHING DONE 	0.34s
Grid(s) found
Extraction done
Solving done
Load Image			3.9% - 16.87ms
Grid Research 		83.2% - 359.12ms
Digits Extraction 	5.1% - 21.85ms
Grid Solving 		1.6% - 06.91ms
Image recreation 	6.3% - 27.02ms
PROCESS DURATION 	0.41s
EVERYTHING DONE 	0.43s
Grid(s) found
Failed during digits extraction
Grid(s) found
Failed during digits extraction
Grid(s) found
Extraction done
Solving done
Load Image			2.2% - 04.41ms
Grid Research 		66.0% - 135.40ms
Digits Extraction 	8.6% - 17.62ms
Grid Solving 		16.7% - 34.24ms
Image recreation 	6.6% - 13.46ms
PROCESS DURATION 	0.20s
EVERYTHING DONE 	0.21s
No grid found
Grid(s) found
Failed during digits extraction
Grid(s) found
Extraction done
Solving done
Load Image			3.2% - 04.57ms
Grid Research 		65.4% - 93.47ms
Digits Extraction 	19.7% - 28.23ms
Grid Solving 		5.3% - 07.59ms
Image recreation 	6.4% - 09.13ms
PROCESS DURATION 	0.14s
EVERYTHING DONE 	0.14s
No grid found
Grid(s) found
Extraction done
Solving done
Load Image			1.9% - 02.56ms
Grid Research 		65.2% - 86.33ms
Digits Extraction 	18.1% - 24.00ms
Grid Solving 		6.4% - 08.45ms
Image recreation 	8.3% - 11.05ms
PROCESS DURATION 	0.13s
EVERYTHING DONE 	0.13s
No grid found
No grid found
Grid(s) found
Failed during digits extraction
Grid(s) found
Extraction done
Solving done
Load Image			15.3% - 59.48ms
Grid Research 		70.1% - 272.11ms
Digits Extraction 	5.5% - 21.27ms
Grid Solving 		1.3% - 04.86ms
Image recreation 	7.8% - 30.29ms
PROCESS DURATION 	0.33s
EVERYTHING DONE 	0.39s
Grid(s) found
Failed during digits extraction
Grid(s) found
Failed during digits extraction
Grid(s) found
Failed during digits extraction
Grid(s) found
Failed during digits extraction
No grid found
Grid(s) found
Failed during digits extraction
No grid found
No grid found
Grid(s) found
Failed during digits extraction
Grid(s) found
Extraction done
Solving done
Load Image			8.3% - 39.08ms
Grid Research 		77.5% - 366.30ms
Digits Extraction 	3.7% - 17.45ms
Grid Solving 		4.0% - 18.69ms
Image recreation 	6.5% - 30.89ms
PROCESS DURATION 	0.43s
EVERYTHING DONE 	0.47s
No grid found
No grid found
Grid(s) found
Failed during digits extraction
Grid(s) found
Failed during digits extraction
Grid(s) found
Failed during digits extraction
Grid(s) found
Failed during digits extraction
No grid found
Grid(s) found
Failed during digits extraction
No grid found
Grid(s) found
Extraction done
Solving done
Load Image			1.5% - 02.35ms
Grid Research 		69.8% - 112.96ms
Digits Extraction 	13.0% - 21.05ms
Grid Solving 		6.9% - 11.19ms
Image recreation 	8.8% - 14.18ms
PROCESS DURATION 	0.16s
EVERYTHING DONE 	0.16s
Grid(s) found
Failed during digits extraction
Grid(s) found
Extraction done
Solving done
Load Image			1.9% - 02.51ms
Grid Research 		66.9% - 89.36ms
Digits Extraction 	16.0% - 21.40ms
Grid Solving 		8.2% - 11.00ms
Image recreation 	6.9% - 09.22ms
PROCESS DURATION 	0.13s
EVERYTHING DONE 	0.13s
No grid found
Grid(s) found
Failed during digits extraction
Grid(s) found
Failed during digits extraction
Grid(s) found
Extraction done
Solving done
Load Image			2.0% - 03.11ms
Grid Research 		64.8% - 101.32ms
Digits Extraction 	19.5% - 30.44ms
Grid Solving 		6.6% - 10.25ms
Image recreation 	7.1% - 11.12ms
PROCESS DURATION 	0.15s
EVERYTHING DONE 	0.16s
No grid found
Grid(s) found
Extraction done
Solving done
Load Image			3.8% - 15.90ms
Grid Research 		80.2% - 339.59ms
Digits Extraction 	6.5% - 27.33ms
Grid Solving 		2.2% - 09.27ms
Image recreation 	7.4% - 31.28ms
PROCESS DURATION 	0.41s
EVERYTHING DONE 	0.42s
No grid found
No grid found
Grid(s) found
Failed during digits extraction
Grid(s) found
Failed during digits extraction
Grid(s) found
Extraction done
Solving done
Load Image			2.0% - 03.13ms
Grid Research 		59.2% - 91.96ms
Digits Extraction 	14.9% - 23.18ms
Grid Solving 		16.2% - 25.24ms
Image recreation 	7.6% - 11.87ms
PROCESS DURATION 	0.15s
EVERYTHING DONE 	0.16s
No grid found
Grid(s) found
Failed during digits extraction
Grid(s) found
Extraction done
Solving done
Load Image			3.4% - 06.76ms
Grid Research 		74.8% - 150.60ms
Digits Extraction 	12.7% - 25.62ms
Grid Solving 		3.9% - 07.92ms
Image recreation 	5.2% - 10.44ms
PROCESS DURATION 	0.19s
EVERYTHING DONE 	0.20s
No grid found
Grid(s) found
Failed during digits extraction
Grid(s) found
Failed during digits extraction
No grid found
Grid(s) found
Failed during digits extraction
Grid(s) found
Failed during digits extraction
No grid found
No grid found
Grid(s) found
Extraction done
Solving done
Load Image			3.6% - 15.59ms
Grid Research 		82.3% - 355.66ms
Digits Extraction 	6.3% - 27.42ms
Grid Solving 		1.2% - 05.21ms
Image recreation 	6.5% - 28.06ms
PROCESS DURATION 	0.42s
EVERYTHING DONE 	0.43s
Grid(s) found
Extraction done
Solving done
Load Image			3.5% - 18.60ms
Grid Research 		85.1% - 452.20ms
Digits Extraction 	4.4% - 23.44ms
Grid Solving 		1.6% - 08.66ms
Image recreation 	5.3% - 28.23ms
PROCESS DURATION 	0.51s
EVERYTHING DONE 	0.53s
Grid(s) found
Extraction done
Solving done
Load Image			14.4% - 46.18ms
Grid Research 		67.1% - 214.89ms
Digits Extraction 	7.1% - 22.62ms
Grid Solving 		1.7% - 05.42ms
Image recreation 	9.8% - 31.32ms
PROCESS DURATION 	0.27s
EVERYTHING DONE 	0.32s
No grid found
No grid found
Grid(s) found
Failed during digits extraction
Grid(s) found
Failed during digits extraction
Grid(s) found
Extraction done
Solving done
Load Image			7.8% - 39.42ms
Grid Research 		78.5% - 396.66ms
Digits Extraction 	4.7% - 23.71ms
Grid Solving 		2.3% - 11.43ms
Image recreation 	6.7% - 34.04ms
PROCESS DURATION 	0.47s
EVERYTHING DONE 	0.51s
Grid(s) found
Failed during digits extraction
Grid(s) found
Failed during digits extraction
Grid(s) found
Extraction done
Solving done
Load Image			1.6% - 02.64ms
Grid Research 		67.2% - 114.08ms
Digits Extraction 	20.0% - 33.97ms
Grid Solving 		5.6% - 09.45ms
Image recreation 	5.7% - 09.70ms
PROCESS DURATION 	0.17s
EVERYTHING DONE 	0.17s
Grid(s) found
Extraction done
Solving done
Load Image			8.0% - 25.28ms
Grid Research 		74.2% - 235.80ms
Digits Extraction 	8.5% - 27.12ms
Grid Solving 		1.7% - 05.36ms
Image recreation 	7.6% - 24.05ms
PROCESS DURATION 	0.29s
EVERYTHING DONE 	0.32s
Grid(s) found
Extraction done
Solving done
Load Image			13.9% - 56.10ms
Grid Research 		71.9% - 290.05ms
Digits Extraction 	4.6% - 18.68ms
Grid Solving 		1.5% - 06.24ms
Image recreation 	8.0% - 32.15ms
PROCESS DURATION 	0.35s
EVERYTHING DONE 	0.40s
Grid(s) found
Failed during digits extraction
Grid(s) found
Failed during digits extraction
Grid(s) found
Failed during digits extraction
Grid(s) found
Failed during digits extraction
Grid(s) found
Failed during digits extraction
Grid(s) found
Failed during digits extraction
No grid found
Grid(s) found
Extraction done
Solving done
Load Image			2.3% - 03.82ms
Grid Research 		63.9% - 104.27ms
Digits Extraction 	17.9% - 29.18ms
Grid Solving 		8.8% - 14.40ms
Image recreation 	7.1% - 11.58ms
PROCESS DURATION 	0.16s
EVERYTHING DONE 	0.16s
Grid(s) found
Extraction done
Solving done
Load Image			2.2% - 03.34ms
Grid Research 		66.0% - 98.80ms
Digits Extraction 	17.0% - 25.48ms
Grid Solving 		6.5% - 09.80ms
Image recreation 	8.2% - 12.24ms
PROCESS DURATION 	0.15s
EVERYTHING DONE 	0.15s
Grid(s) found
Failed during digits extraction
No grid found
Grid(s) found
Failed during digits extraction
Grid(s) found
Failed during digits extraction
Grid(s) found
Extraction done
Solving done
Load Image			7.9% - 31.34ms
Grid Research 		73.7% - 292.55ms
Digits Extraction 	6.6% - 26.31ms
Grid Solving 		2.9% - 11.66ms
Image recreation 	8.9% - 35.23ms
PROCESS DURATION 	0.37s
EVERYTHING DONE 	0.40s
Grid(s) found
Extraction done
Solving done
Load Image			5.4% - 17.48ms
Grid Research 		72.2% - 232.43ms
Digits Extraction 	7.0% - 22.61ms
Grid Solving 		4.0% - 12.90ms
Image recreation 	11.3% - 36.41ms
PROCESS DURATION 	0.30s
EVERYTHING DONE 	0.32s
Grid(s) found
Failed during digits extraction
Grid(s) found
Failed during digits extraction
Grid(s) found
Failed during digits extraction
Grid(s) found
Failed during digits extraction
Grid(s) found
Extraction done
Solving done
Load Image			15.7% - 72.44ms
Grid Research 		68.5% - 316.95ms
Digits Extraction 	4.4% - 20.48ms
Grid Solving 		4.8% - 22.27ms
Image recreation 	6.6% - 30.62ms
PROCESS DURATION 	0.39s
EVERYTHING DONE 	0.46s
No grid found
No grid found
No grid found
Grid(s) found
Extraction done
Solving done
Load Image			17.8% - 58.87ms
Grid Research 		56.5% - 187.06ms
Digits Extraction 	5.5% - 18.30ms
Grid Solving 		11.4% - 37.65ms
Image recreation 	8.9% - 29.35ms
PROCESS DURATION 	0.27s
EVERYTHING DONE 	0.33s
Grid(s) found
Failed during digits extraction
Grid(s) found
Extraction done
Solving done
Load Image			10.6% - 50.79ms
Grid Research 		75.3% - 362.20ms
Digits Extraction 	4.1% - 19.54ms
Grid Solving 		2.1% - 10.15ms
Image recreation 	7.9% - 38.06ms
PROCESS DURATION 	0.43s
EVERYTHING DONE 	0.48s
Grid(s) found
Extraction done
Solving done
Load Image			2.4% - 03.92ms
Grid Research 		63.5% - 102.59ms
Digits Extraction 	11.7% - 18.95ms
Grid Solving 		17.1% - 27.58ms
Image recreation 	5.3% - 08.65ms
PROCESS DURATION 	0.16s
EVERYTHING DONE 	0.16s
Grid(s) found
Failed during digits extraction
Grid(s) found
Failed during digits extraction
Grid(s) found
Extraction done
Solving done
Load Image			12.0% - 67.69ms
Grid Research 		50.1% - 282.36ms
Digits Extraction 	3.7% - 20.99ms
Grid Solving 		29.0% - 163.54ms
Image recreation 	5.2% - 29.16ms
PROCESS DURATION 	0.50s
EVERYTHING DONE 	0.56s
Grid(s) found
Failed during digits extraction
Grid(s) found
Extraction done
Solving done
Load Image			3.4% - 04.72ms
Grid Research 		71.7% - 100.69ms
Digits Extraction 	11.3% - 15.90ms
Grid Solving 		5.1% - 07.22ms
Image recreation 	8.4% - 11.81ms
PROCESS DURATION 	0.14s
EVERYTHING DONE 	0.14s
Grid(s) found
Extraction done
Solving done
Load Image			2.0% - 12.62ms
Grid Research 		78.3% - 497.92ms
Digits Extraction 	3.1% - 19.94ms
Grid Solving 		0.8% - 05.35ms
Image recreation 	15.7% - 100.06ms
PROCESS DURATION 	0.62s
EVERYTHING DONE 	0.64s
Grid(s) found
Failed during digits extraction
Grid(s) found
Failed during digits extraction
Grid(s) found
Failed during digits extraction
Grid(s) found
Failed during digits extraction
No grid found
Grid(s) found
Extraction done
Solving done
Load Image			16.0% - 57.72ms
Grid Research 		67.5% - 243.93ms
Digits Extraction 	6.7% - 24.03ms
Grid Solving 		1.3% - 04.54ms
Image recreation 	8.6% - 30.98ms
PROCESS DURATION 	0.30s
EVERYTHING DONE 	0.36s
Grid(s) found
Extraction done
Solving done
Load Image			2.0% - 02.77ms
Grid Research 		64.9% - 89.38ms
Digits Extraction 	17.6% - 24.23ms
Grid Solving 		7.9% - 10.92ms
Image recreation 	7.5% - 10.35ms
PROCESS DURATION 	0.13s
EVERYTHING DONE 	0.14s
Grid(s) found
Extraction done
Solving done
Load Image			14.1% - 50.01ms
Grid Research 		71.3% - 252.40ms
Digits Extraction 	5.9% - 20.92ms
Grid Solving 		1.7% - 06.13ms
Image recreation 	6.9% - 24.47ms
PROCESS DURATION 	0.30s
EVERYTHING DONE 	0.35s
Grid(s) found
Failed during digits extraction
Grid(s) found
Failed during digits extraction
Grid(s) found
Extraction done
Solving done
Load Image			2.8% - 04.91ms
Grid Research 		70.7% - 123.27ms
Digits Extraction 	10.5% - 18.29ms
Grid Solving 		9.4% - 16.36ms
Image recreation 	6.6% - 11.45ms
PROCESS DURATION 	0.17s
EVERYTHING DONE 	0.17s
No grid found
No grid found
No grid found
Grid(s) found
Extraction done
Solving done
Load Image			35.2% - 60.86ms
Grid Research 		36.8% - 63.64ms
Digits Extraction 	10.1% - 17.45ms
Grid Solving 		10.9% - 18.84ms
Image recreation 	7.0% - 12.17ms
PROCESS DURATION 	0.11s
EVERYTHING DONE 	0.17s
Grid(s) found
Failed during digits extraction
Grid(s) found
Failed during digits extraction
Grid(s) found
Extraction done
Solving done
Load Image			16.5% - 45.76ms
Grid Research 		60.8% - 168.32ms
Digits Extraction 	11.6% - 32.13ms
Grid Solving 		1.4% - 03.84ms
Image recreation 	9.7% - 26.92ms
PROCESS DURATION 	0.23s
EVERYTHING DONE 	0.28s
No grid found
Grid(s) found
Failed during digits extraction
Grid(s) found
Extraction done
Solving done
Load Image			2.2% - 03.62ms
Grid Research 		56.6% - 94.42ms
Digits Extraction 	21.0% - 34.98ms
Grid Solving 		14.8% - 24.70ms
Image recreation 	5.5% - 09.18ms
PROCESS DURATION 	0.16s
EVERYTHING DONE 	0.17s
No grid found
Grid(s) found
Failed during digits extraction
No grid found
Grid(s) found
Extraction done
Solving done
Load Image			5.4% - 18.21ms
Grid Research 		78.2% - 262.84ms
Digits Extraction 	6.9% - 23.27ms
Grid Solving 		2.1% - 07.00ms
Image recreation 	7.4% - 24.75ms
PROCESS DURATION 	0.32s
EVERYTHING DONE 	0.34s
Grid(s) found
Failed during digits extraction
Grid(s) found
Failed during digits extraction
Grid(s) found
Extraction done
Solving done
Load Image			12.3% - 57.59ms
Grid Research 		76.1% - 356.18ms
Digits Extraction 	5.5% - 25.97ms
Grid Solving 		1.4% - 06.51ms
Image recreation 	4.7% - 21.97ms
PROCESS DURATION 	0.41s
EVERYTHING DONE 	0.47s
Grid(s) found
Failed during digits extraction
No grid found
Grid(s) found
Failed during digits extraction
Grid(s) found
Extraction done
Solving done
Load Image			17.6% - 61.11ms
Grid Research 		65.3% - 227.22ms
Digits Extraction 	5.2% - 18.14ms
Grid Solving 		1.9% - 06.69ms
Image recreation 	10.0% - 34.77ms
PROCESS DURATION 	0.29s
EVERYTHING DONE 	0.35s
Grid(s) found
Extraction done
Solving done
Load Image			2.0% - 02.64ms
Grid Research 		67.5% - 86.96ms
Digits Extraction 	16.7% - 21.55ms
Grid Solving 		7.7% - 09.90ms
Image recreation 	6.1% - 07.86ms
PROCESS DURATION 	0.13s
EVERYTHING DONE 	0.13s
No grid found
Grid(s) found
Failed during digits extraction
Grid(s) found
Failed during digits extraction
Grid(s) found
Extraction done
Solving done
Load Image			2.8% - 04.33ms
Grid Research 		74.3% - 115.67ms
Digits Extraction 	13.7% - 21.29ms
Grid Solving 		3.2% - 04.93ms
Image recreation 	6.1% - 09.57ms
PROCESS DURATION 	0.15s
EVERYTHING DONE 	0.16s
Grid(s) found
Failed during digits extraction
No grid found
Grid(s) found
Failed during digits extraction
No grid found
Grid(s) found
Failed during digits extraction
Grid(s) found
Extraction done
Solving done
Load Image			2.8% - 04.63ms
Grid Research 		75.1% - 124.71ms
Digits Extraction 	11.5% - 19.11ms
Grid Solving 		3.8% - 06.23ms
Image recreation 	6.8% - 11.34ms
PROCESS DURATION 	0.16s
EVERYTHING DONE 	0.17s
Grid(s) found
Extraction done
Solving done
Load Image			5.9% - 19.21ms
Grid Research 		70.3% - 227.29ms
Digits Extraction 	10.1% - 32.65ms
Grid Solving 		3.1% - 09.89ms
Image recreation 	10.6% - 34.16ms
PROCESS DURATION 	0.30s
EVERYTHING DONE 	0.32s
No grid found
Grid(s) found
Extraction done
Solving done
Load Image			15.9% - 49.56ms
Grid Research 		66.5% - 207.62ms
Digits Extraction 	6.4% - 20.10ms
Grid Solving 		2.3% - 07.23ms
Image recreation 	8.9% - 27.82ms
PROCESS DURATION 	0.26s
EVERYTHING DONE 	0.31s
No grid found
No grid found
No grid found
Grid(s) found
Extraction done
Solving done
Load Image			1.6% - 02.84ms
Grid Research 		64.0% - 112.29ms
Digits Extraction 	18.5% - 32.53ms
Grid Solving 		8.8% - 15.51ms
Image recreation 	7.0% - 12.30ms
PROCESS DURATION 	0.17s
EVERYTHING DONE 	0.18s
Grid(s) found
Extraction done
Solving done
Load Image			13.8% - 58.04ms
Grid Research 		71.4% - 299.27ms
Digits Extraction 	7.1% - 29.84ms
Grid Solving 		0.9% - 03.62ms
Image recreation 	6.8% - 28.33ms
PROCESS DURATION 	0.36s
EVERYTHING DONE 	0.42s
Grid(s) found
Failed during digits extraction
No grid found
Grid(s) found
Failed during digits extraction
Grid(s) found
Extraction done
Solving done
Load Image			5.2% - 24.26ms
Grid Research 		76.3% - 354.90ms
Digits Extraction 	4.6% - 21.18ms
Grid Solving 		8.4% - 38.89ms
Image recreation 	5.5% - 25.75ms
PROCESS DURATION 	0.44s
EVERYTHING DONE 	0.46s
Grid(s) found
Failed during digits extraction
No grid found
Grid(s) found
Extraction done
Solving done
Load Image			1.3% - 03.25ms
Grid Research 		38.8% - 96.28ms
Digits Extraction 	55.4% - 137.55ms
Grid Solving 		1.6% - 03.96ms
Image recreation 	2.9% - 07.15ms
PROCESS DURATION 	0.24s
EVERYTHING DONE 	0.25s
Grid(s) found
Extraction done
Solving done
Load Image			1.4% - 03.51ms
Grid Research 		42.0% - 107.25ms
Digits Extraction 	52.0% - 132.83ms
Grid Solving 		1.8% - 04.69ms
Image recreation 	2.8% - 07.21ms
PROCESS DURATION 	0.25s
EVERYTHING DONE 	0.26s
Grid(s) found
Failed during digits extraction
Grid(s) found
Extraction done
Solving done
Load Image			1.3% - 03.27ms
Grid Research 		38.8% - 97.54ms
Digits Extraction 	54.9% - 137.88ms
Grid Solving 		1.9% - 04.72ms
Image recreation 	3.1% - 07.76ms
PROCESS DURATION 	0.25s
EVERYTHING DONE 	0.25s
No grid found
No grid found
Grid(s) found
Extraction done
Solving done
Load Image			1.2% - 03.31ms
Grid Research 		44.5% - 118.56ms
Digits Extraction 	49.1% - 130.93ms
Grid Solving 		2.4% - 06.40ms
Image recreation 	2.8% - 07.41ms
PROCESS DURATION 	0.26s
EVERYTHING DONE 	0.27s
Grid(s) found
Extraction done
Solving done
Load Image			1.3% - 03.45ms
Grid Research 		42.9% - 113.32ms
Digits Extraction 	48.4% - 128.09ms
Grid Solving 		4.5% - 11.89ms
Image recreation 	2.9% - 07.64ms
PROCESS DURATION 	0.26s
EVERYTHING DONE 	0.26s
No grid found
Grid(s) found
Extraction done
Solving done
Load Image			7.1% - 29.84ms
Grid Research 		55.8% - 233.84ms
Digits Extraction 	30.7% - 128.55ms
Grid Solving 		4.1% - 17.08ms
Image recreation 	2.3% - 09.70ms
PROCESS DURATION 	0.39s
EVERYTHING DONE 	0.42s
Grid(s) found
Extraction done
Solving done
Load Image			5.5% - 25.35ms
Grid Research 		53.6% - 249.29ms
Digits Extraction 	34.7% - 161.41ms
Grid Solving 		4.5% - 20.75ms
Image recreation 	1.7% - 08.12ms
PROCESS DURATION 	0.44s
EVERYTHING DONE 	0.46s
Grid(s) found
Extraction done
Solving done
Load Image			7.8% - 31.59ms
Grid Research 		52.2% - 212.21ms
Digits Extraction 	32.2% - 130.72ms
Grid Solving 		5.1% - 20.72ms
Image recreation 	2.7% - 11.02ms
PROCESS DURATION 	0.37s
EVERYTHING DONE 	0.41s
Grid(s) found
Extraction done
Solving done
Load Image			6.3% - 21.73ms
Grid Research 		47.5% - 164.35ms
Digits Extraction 	39.6% - 136.94ms
Grid Solving 		4.8% - 16.44ms
Image recreation 	1.9% - 06.53ms
PROCESS DURATION 	0.32s
EVERYTHING DONE 	0.35s
Grid(s) found
Extraction done
Solving done
Load Image			6.2% - 20.49ms
Grid Research 		63.1% - 207.38ms
Digits Extraction 	23.7% - 78.04ms
Grid Solving 		5.0% - 16.39ms
Image recreation 	2.0% - 06.55ms
PROCESS DURATION 	0.31s
EVERYTHING DONE 	0.33s
Grid(s) found
Extraction done
Solving done
Load Image			6.0% - 22.36ms
Grid Research 		50.4% - 187.07ms
Digits Extraction 	37.1% - 137.80ms
Grid Solving 		4.5% - 16.73ms
Image recreation 	2.0% - 07.33ms
PROCESS DURATION 	0.35s
EVERYTHING DONE 	0.37s
Grid(s) found
Extraction done
Solving done
Load Image			7.1% - 36.64ms
Grid Research 		61.2% - 316.34ms
Digits Extraction 	25.9% - 133.87ms
Grid Solving 		1.1% - 05.61ms
Image recreation 	4.8% - 24.59ms
PROCESS DURATION 	0.48s
EVERYTHING DONE 	0.52s
Grid(s) found
Extraction done
Solving done
Load Image			7.2% - 37.31ms
Grid Research 		60.2% - 310.22ms
Digits Extraction 	26.8% - 138.14ms
Grid Solving 		1.1% - 05.42ms
Image recreation 	4.7% - 24.01ms
PROCESS DURATION 	0.48s
EVERYTHING DONE 	0.52s
